!SESSION 2010-10-04 17:13:08.231 -----------------------------------------------
eclipse.buildId=M20100211-1343
java.version=1.6.0_21
java.vendor=Sun Microsystems Inc.
BootLoader constants: OS=win32, ARCH=x86, WS=win32, NL=en_CA
Command-line arguments:  -os win32 -ws win32 -arch x86 -data D:\My Dropbox\Shared Workspace

!ENTRY com.google.gdt.eclipse.suite 1 0 2010-10-04 17:13:10.728
!MESSAGE Registering: com.google.appengine.eclipse.sdkbundle.1.3.4_1.3.4.v201005212032

!ENTRY com.google.gdt.eclipse.suite 1 0 2010-10-04 17:13:10.779
!MESSAGE Registering: com.google.gwt.eclipse.sdkbundle.2.0.3_2.0.3.v201002191036

!ENTRY com.google.gdt.eclipse.suite 1 0 2010-10-04 17:13:10.823
!MESSAGE Registering: com.google.appengine.eclipse.sdkbundle.1.3.5_1.3.5.v201006301254

!ENTRY com.google.gdt.eclipse.suite 1 0 2010-10-04 17:13:10.854
!MESSAGE Registering: com.google.gwt.eclipse.sdkbundle.2.0.4_2.0.4.v201006301254
!SESSION 2010-10-04 18:47:24.011 -----------------------------------------------
eclipse.buildId=I20090611-1540
java.version=1.6.0_18
java.vendor=Sun Microsystems Inc.
BootLoader constants: OS=win32, ARCH=x86, WS=win32, NL=en_CA
Command-line arguments:  -os win32 -ws win32 -arch x86

!ENTRY org.eclipse.equinox.p2.repository 4 0 2010-10-04 18:47:24.838
!MESSAGE ProvisioningEventBus could not be obtained. Metadata caches may not be cleaned up properly.

!ENTRY org.eclipse.core.resources 4 567 2010-10-04 18:48:43.415
!MESSAGE Workspace restored, but some problems occurred.
!SUBENTRY 1 org.eclipse.core.resources 4 567 2010-10-04 18:48:43.415
!MESSAGE Could not read metadata for '.org.eclipse.jdt.core.external.folders'.
!STACK 1
org.eclipse.core.internal.resources.ResourceException: The project description file (.project) for '.org.eclipse.jdt.core.external.folders' is missing.  This file contains important information about the project.  The project will not function properly until this file is restored.
	at org.eclipse.core.internal.localstore.FileSystemResourceManager.read(FileSystemResourceManager.java:714)
	at org.eclipse.core.internal.resources.SaveManager.restoreMetaInfo(SaveManager.java:797)
	at org.eclipse.core.internal.resources.SaveManager.restoreMetaInfo(SaveManager.java:777)
	at org.eclipse.core.internal.resources.SaveManager.restore(SaveManager.java:663)
	at org.eclipse.core.internal.resources.SaveManager.startup(SaveManager.java:1353)
	at org.eclipse.core.internal.resources.Workspace.startup(Workspace.java:1957)
	at org.eclipse.core.internal.resources.Workspace.open(Workspace.java:1716)
	at org.eclipse.core.resources.ResourcesPlugin.start(ResourcesPlugin.java:379)
	at org.eclipse.osgi.framework.internal.core.BundleContextImpl$1.run(BundleContextImpl.java:783)
	at java.security.AccessController.doPrivileged(Native Method)
	at org.eclipse.osgi.framework.internal.core.BundleContextImpl.startActivator(BundleContextImpl.java:774)
	at org.eclipse.osgi.framework.internal.core.BundleContextImpl.start(BundleContextImpl.java:755)
	at org.eclipse.osgi.framework.internal.core.BundleHost.startWorker(BundleHost.java:352)
	at org.eclipse.osgi.framework.internal.core.AbstractBundle.start(AbstractBundle.java:280)
	at org.eclipse.osgi.framework.util.SecureAction.start(SecureAction.java:408)
	at org.eclipse.core.runtime.internal.adaptor.EclipseLazyStarter.postFindLocalClass(EclipseLazyStarter.java:111)
	at org.eclipse.osgi.baseadaptor.loader.ClasspathManager.findLocalClass(ClasspathManager.java:449)
	at org.eclipse.osgi.internal.baseadaptor.DefaultClassLoader.findLocalClass(DefaultClassLoader.java:211)
	at org.eclipse.osgi.internal.loader.BundleLoader.findLocalClass(BundleLoader.java:381)
	at org.eclipse.osgi.internal.loader.SingleSourcePackage.loadClass(SingleSourcePackage.java:33)
	at org.eclipse.osgi.internal.loader.BundleLoader.findClassInternal(BundleLoader.java:454)
	at org.eclipse.osgi.internal.loader.BundleLoader.findClass(BundleLoader.java:410)
	at org.eclipse.osgi.internal.loader.BundleLoader.findClass(BundleLoader.java:398)
	at org.eclipse.osgi.internal.baseadaptor.DefaultClassLoader.loadClass(DefaultClassLoader.java:105)
	at java.lang.ClassLoader.loadClass(Unknown Source)
	at org.eclipse.ui.internal.ide.application.IDEApplication.start(IDEApplication.java:114)
	at org.eclipse.equinox.internal.app.EclipseAppHandle.run(EclipseAppHandle.java:194)
	at org.eclipse.core.runtime.internal.adaptor.EclipseAppLauncher.runApplication(EclipseAppLauncher.java:110)
	at org.eclipse.core.runtime.internal.adaptor.EclipseAppLauncher.start(EclipseAppLauncher.java:79)
	at org.eclipse.core.runtime.adaptor.EclipseStarter.run(EclipseStarter.java:368)
	at org.eclipse.core.runtime.adaptor.EclipseStarter.run(EclipseStarter.java:179)
	at sun.reflect.NativeMethodAccessorImpl.invoke0(Native Method)
	at sun.reflect.NativeMethodAccessorImpl.invoke(Unknown Source)
	at sun.reflect.DelegatingMethodAccessorImpl.invoke(Unknown Source)
	at java.lang.reflect.Method.invoke(Unknown Source)
	at org.eclipse.equinox.launcher.Main.invokeFramework(Main.java:559)
	at org.eclipse.equinox.launcher.Main.basicRun(Main.java:514)
	at org.eclipse.equinox.launcher.Main.run(Main.java:1311)
!SUBENTRY 2 org.eclipse.core.resources 4 567 2010-10-04 18:48:43.415
!MESSAGE The project description file (.project) for '.org.eclipse.jdt.core.external.folders' is missing.  This file contains important information about the project.  The project will not function properly until this file is restored.
!SESSION 2010-10-04 21:18:38.846 -----------------------------------------------
eclipse.buildId=M20100211-1343
java.version=1.6.0_21
java.vendor=Sun Microsystems Inc.
BootLoader constants: OS=win32, ARCH=x86, WS=win32, NL=en_CA
Command-line arguments:  -os win32 -ws win32 -arch x86

!ENTRY org.eclipse.core.resources 4 567 2010-10-04 21:18:40.107
!MESSAGE Workspace restored, but some problems occurred.
!SUBENTRY 1 org.eclipse.core.resources 4 567 2010-10-04 21:18:40.107
!MESSAGE Could not read metadata for '.org.eclipse.jdt.core.external.folders'.
!STACK 1
org.eclipse.core.internal.resources.ResourceException: The project description file (.project) for '.org.eclipse.jdt.core.external.folders' is missing.  This file contains important information about the project.  The project will not function properly until this file is restored.
	at org.eclipse.core.internal.localstore.FileSystemResourceManager.read(FileSystemResourceManager.java:714)
	at org.eclipse.core.internal.resources.SaveManager.restoreMetaInfo(SaveManager.java:797)
	at org.eclipse.core.internal.resources.SaveManager.restoreMetaInfo(SaveManager.java:777)
	at org.eclipse.core.internal.resources.SaveManager.restore(SaveManager.java:663)
	at org.eclipse.core.internal.resources.SaveManager.startup(SaveManager.java:1353)
	at org.eclipse.core.internal.resources.Workspace.startup(Workspace.java:1957)
	at org.eclipse.core.internal.resources.Workspace.open(Workspace.java:1716)
	at org.eclipse.core.resources.ResourcesPlugin.start(ResourcesPlugin.java:379)
	at org.eclipse.osgi.framework.internal.core.BundleContextImpl$1.run(BundleContextImpl.java:783)
	at java.security.AccessController.doPrivileged(Native Method)
	at org.eclipse.osgi.framework.internal.core.BundleContextImpl.startActivator(BundleContextImpl.java:774)
	at org.eclipse.osgi.framework.internal.core.BundleContextImpl.start(BundleContextImpl.java:755)
	at org.eclipse.osgi.framework.internal.core.BundleHost.startWorker(BundleHost.java:352)
	at org.eclipse.osgi.framework.internal.core.AbstractBundle.start(AbstractBundle.java:280)
	at org.eclipse.osgi.framework.util.SecureAction.start(SecureAction.java:408)
	at org.eclipse.core.runtime.internal.adaptor.EclipseLazyStarter.postFindLocalClass(EclipseLazyStarter.java:111)
	at org.eclipse.osgi.baseadaptor.loader.ClasspathManager.findLocalClass(ClasspathManager.java:449)
	at org.eclipse.osgi.internal.baseadaptor.DefaultClassLoader.findLocalClass(DefaultClassLoader.java:211)
	at org.eclipse.osgi.internal.loader.BundleLoader.findLocalClass(BundleLoader.java:381)
	at org.eclipse.osgi.internal.loader.SingleSourcePackage.loadClass(SingleSourcePackage.java:33)
	at org.eclipse.osgi.internal.loader.BundleLoader.findClassInternal(BundleLoader.java:454)
	at org.eclipse.osgi.internal.loader.BundleLoader.findClass(BundleLoader.java:410)
	at org.eclipse.osgi.internal.loader.BundleLoader.findClass(BundleLoader.java:398)
	at org.eclipse.osgi.internal.baseadaptor.DefaultClassLoader.loadClass(DefaultClassLoader.java:105)
	at java.lang.ClassLoader.loadClass(Unknown Source)
	at org.eclipse.ui.internal.ide.application.IDEApplication.start(IDEApplication.java:114)
	at org.eclipse.equinox.internal.app.EclipseAppHandle.run(EclipseAppHandle.java:194)
	at org.eclipse.core.runtime.internal.adaptor.EclipseAppLauncher.runApplication(EclipseAppLauncher.java:110)
	at org.eclipse.core.runtime.internal.adaptor.EclipseAppLauncher.start(EclipseAppLauncher.java:79)
	at org.eclipse.core.runtime.adaptor.EclipseStarter.run(EclipseStarter.java:368)
	at org.eclipse.core.runtime.adaptor.EclipseStarter.run(EclipseStarter.java:179)
	at sun.reflect.NativeMethodAccessorImpl.invoke0(Native Method)
	at sun.reflect.NativeMethodAccessorImpl.invoke(Unknown Source)
	at sun.reflect.DelegatingMethodAccessorImpl.invoke(Unknown Source)
	at java.lang.reflect.Method.invoke(Unknown Source)
	at org.eclipse.equinox.launcher.Main.invokeFramework(Main.java:559)
	at org.eclipse.equinox.launcher.Main.basicRun(Main.java:514)
	at org.eclipse.equinox.launcher.Main.run(Main.java:1311)
!SUBENTRY 2 org.eclipse.core.resources 4 567 2010-10-04 21:18:40.108
!MESSAGE The project description file (.project) for '.org.eclipse.jdt.core.external.folders' is missing.  This file contains important information about the project.  The project will not function properly until this file is restored.

!ENTRY com.android.ide.eclipse.adt 4 0 2010-10-04 21:20:59.944
!MESSAGE Failed to load properties file for project 'TextBaseTesting'

!ENTRY org.eclipse.core.resources 8 2 2010-10-04 21:21:00.325
!MESSAGE Problems occurred when invoking code from plug-in: "org.eclipse.core.resources".
!STACK 1
org.eclipse.core.runtime.CoreException: Project target not loaded yet.
	at com.android.ide.eclipse.adt.internal.build.BaseBuilder.stopBuild(Unknown Source)
	at com.android.ide.eclipse.adt.internal.build.BaseBuilder.abortOnBadSetup(Unknown Source)
	at com.android.ide.eclipse.adt.internal.build.ResourceManagerBuilder.build(Unknown Source)
	at org.eclipse.core.internal.events.BuildManager$2.run(BuildManager.java:627)
	at org.eclipse.core.runtime.SafeRunner.run(SafeRunner.java:42)
	at org.eclipse.core.internal.events.BuildManager.basicBuild(BuildManager.java:170)
	at org.eclipse.core.internal.events.BuildManager.basicBuild(BuildManager.java:201)
	at org.eclipse.core.internal.events.BuildManager$1.run(BuildManager.java:253)
	at org.eclipse.core.runtime.SafeRunner.run(SafeRunner.java:42)
	at org.eclipse.core.internal.events.BuildManager.basicBuild(BuildManager.java:256)
	at org.eclipse.core.internal.events.BuildManager.basicBuildLoop(BuildManager.java:309)
	at org.eclipse.core.internal.events.BuildManager.build(BuildManager.java:341)
	at org.eclipse.core.internal.events.AutoBuildJob.doBuild(AutoBuildJob.java:140)
	at org.eclipse.core.internal.events.AutoBuildJob.run(AutoBuildJob.java:238)
	at org.eclipse.core.internal.jobs.Worker.run(Worker.java:55)
!SUBENTRY 1 com.android.ide.eclipse.adt 8 0 2010-10-04 21:21:00.325
!MESSAGE Project target not loaded yet.
!SUBENTRY 1 com.android.ide.eclipse.adt 8 0 2010-10-04 21:21:00.325
!MESSAGE Project target not loaded yet.

!ENTRY org.eclipse.core.resources 8 2 2010-10-04 21:21:00.334
!MESSAGE Problems occurred when invoking code from plug-in: "org.eclipse.core.resources".
!STACK 1
org.eclipse.core.runtime.CoreException: Project target not loaded yet.
	at com.android.ide.eclipse.adt.internal.build.BaseBuilder.stopBuild(Unknown Source)
	at com.android.ide.eclipse.adt.internal.build.BaseBuilder.abortOnBadSetup(Unknown Source)
	at com.android.ide.eclipse.adt.internal.build.PreCompilerBuilder.build(Unknown Source)
	at org.eclipse.core.internal.events.BuildManager$2.run(BuildManager.java:627)
	at org.eclipse.core.runtime.SafeRunner.run(SafeRunner.java:42)
	at org.eclipse.core.internal.events.BuildManager.basicBuild(BuildManager.java:170)
	at org.eclipse.core.internal.events.BuildManager.basicBuild(BuildManager.java:201)
	at org.eclipse.core.internal.events.BuildManager$1.run(BuildManager.java:253)
	at org.eclipse.core.runtime.SafeRunner.run(SafeRunner.java:42)
	at org.eclipse.core.internal.events.BuildManager.basicBuild(BuildManager.java:256)
	at org.eclipse.core.internal.events.BuildManager.basicBuildLoop(BuildManager.java:309)
	at org.eclipse.core.internal.events.BuildManager.build(BuildManager.java:341)
	at org.eclipse.core.internal.events.AutoBuildJob.doBuild(AutoBuildJob.java:140)
	at org.eclipse.core.internal.events.AutoBuildJob.run(AutoBuildJob.java:238)
	at org.eclipse.core.internal.jobs.Worker.run(Worker.java:55)
!SUBENTRY 1 com.android.ide.eclipse.adt 8 0 2010-10-04 21:21:00.334
!MESSAGE Project target not loaded yet.
!SUBENTRY 1 com.android.ide.eclipse.adt 8 0 2010-10-04 21:21:00.334
!MESSAGE Project target not loaded yet.

!ENTRY org.eclipse.core.resources 8 2 2010-10-04 21:21:01.675
!MESSAGE Problems occurred when invoking code from plug-in: "org.eclipse.core.resources".
!STACK 1
org.eclipse.core.runtime.CoreException: Project target not loaded yet.
	at com.android.ide.eclipse.adt.internal.build.BaseBuilder.stopBuild(Unknown Source)
	at com.android.ide.eclipse.adt.internal.build.BaseBuilder.abortOnBadSetup(Unknown Source)
	at com.android.ide.eclipse.adt.internal.build.ResourceManagerBuilder.build(Unknown Source)
	at org.eclipse.core.internal.events.BuildManager$2.run(BuildManager.java:627)
	at org.eclipse.core.runtime.SafeRunner.run(SafeRunner.java:42)
	at org.eclipse.core.internal.events.BuildManager.basicBuild(BuildManager.java:170)
	at org.eclipse.core.internal.events.BuildManager.basicBuild(BuildManager.java:201)
	at org.eclipse.core.internal.events.BuildManager$1.run(BuildManager.java:253)
	at org.eclipse.core.runtime.SafeRunner.run(SafeRunner.java:42)
	at org.eclipse.core.internal.events.BuildManager.basicBuild(BuildManager.java:256)
	at org.eclipse.core.internal.events.BuildManager.basicBuildLoop(BuildManager.java:309)
	at org.eclipse.core.internal.events.BuildManager.build(BuildManager.java:341)
	at org.eclipse.core.internal.events.AutoBuildJob.doBuild(AutoBuildJob.java:140)
	at org.eclipse.core.internal.events.AutoBuildJob.run(AutoBuildJob.java:238)
	at org.eclipse.core.internal.jobs.Worker.run(Worker.java:55)
!SUBENTRY 1 com.android.ide.eclipse.adt 8 0 2010-10-04 21:21:01.675
!MESSAGE Project target not loaded yet.
!SUBENTRY 1 com.android.ide.eclipse.adt 8 0 2010-10-04 21:21:01.675
!MESSAGE Project target not loaded yet.

!ENTRY org.eclipse.core.resources 8 2 2010-10-04 21:21:01.710
!MESSAGE Problems occurred when invoking code from plug-in: "org.eclipse.core.resources".
!STACK 1
org.eclipse.core.runtime.CoreException: Project target not loaded yet.
	at com.android.ide.eclipse.adt.internal.build.BaseBuilder.stopBuild(Unknown Source)
	at com.android.ide.eclipse.adt.internal.build.BaseBuilder.abortOnBadSetup(Unknown Source)
	at com.android.ide.eclipse.adt.internal.build.PreCompilerBuilder.build(Unknown Source)
	at org.eclipse.core.internal.events.BuildManager$2.run(BuildManager.java:627)
	at org.eclipse.core.runtime.SafeRunner.run(SafeRunner.java:42)
	at org.eclipse.core.internal.events.BuildManager.basicBuild(BuildManager.java:170)
	at org.eclipse.core.internal.events.BuildManager.basicBuild(BuildManager.java:201)
	at org.eclipse.core.internal.events.BuildManager$1.run(BuildManager.java:253)
	at org.eclipse.core.runtime.SafeRunner.run(SafeRunner.java:42)
	at org.eclipse.core.internal.events.BuildManager.basicBuild(BuildManager.java:256)
	at org.eclipse.core.internal.events.BuildManager.basicBuildLoop(BuildManager.java:309)
	at org.eclipse.core.internal.events.BuildManager.build(BuildManager.java:341)
	at org.eclipse.core.internal.events.AutoBuildJob.doBuild(AutoBuildJob.java:140)
	at org.eclipse.core.internal.events.AutoBuildJob.run(AutoBuildJob.java:238)
	at org.eclipse.core.internal.jobs.Worker.run(Worker.java:55)
!SUBENTRY 1 com.android.ide.eclipse.adt 8 0 2010-10-04 21:21:01.710
!MESSAGE Project target not loaded yet.
!SUBENTRY 1 com.android.ide.eclipse.adt 8 0 2010-10-04 21:21:01.710
!MESSAGE Project target not loaded yet.

!ENTRY org.eclipse.core.resources 8 2 2010-10-04 21:21:03.804
!MESSAGE Problems occurred when invoking code from plug-in: "org.eclipse.core.resources".
!STACK 1
org.eclipse.core.runtime.CoreException: 'aapt' error. Pre Compiler Build aborted.
	at com.android.ide.eclipse.adt.internal.build.BaseBuilder.stopBuild(Unknown Source)
	at com.android.ide.eclipse.adt.internal.build.PreCompilerBuilder.execAapt(Unknown Source)
	at com.android.ide.eclipse.adt.internal.build.PreCompilerBuilder.handleResources(Unknown Source)
	at com.android.ide.eclipse.adt.internal.build.PreCompilerBuilder.build(Unknown Source)
	at org.eclipse.core.internal.events.BuildManager$2.run(BuildManager.java:627)
	at org.eclipse.core.runtime.SafeRunner.run(SafeRunner.java:42)
	at org.eclipse.core.internal.events.BuildManager.basicBuild(BuildManager.java:170)
	at org.eclipse.core.internal.events.BuildManager.basicBuild(BuildManager.java:201)
	at org.eclipse.core.internal.events.BuildManager$1.run(BuildManager.java:253)
	at org.eclipse.core.runtime.SafeRunner.run(SafeRunner.java:42)
	at org.eclipse.core.internal.events.BuildManager.basicBuild(BuildManager.java:256)
	at org.eclipse.core.internal.events.BuildManager.basicBuildLoop(BuildManager.java:309)
	at org.eclipse.core.internal.events.BuildManager.build(BuildManager.java:341)
	at org.eclipse.core.internal.events.AutoBuildJob.doBuild(AutoBuildJob.java:140)
	at org.eclipse.core.internal.events.AutoBuildJob.run(AutoBuildJob.java:238)
	at org.eclipse.core.internal.jobs.Worker.run(Worker.java:55)
!SUBENTRY 1 com.android.ide.eclipse.adt 8 0 2010-10-04 21:21:03.804
!MESSAGE 'aapt' error. Pre Compiler Build aborted.
!SUBENTRY 1 com.android.ide.eclipse.adt 8 0 2010-10-04 21:21:03.805
!MESSAGE 'aapt' error. Pre Compiler Build aborted.

!ENTRY org.eclipse.jdt.ui 4 10001 2010-10-04 21:21:03.809
!MESSAGE Internal Error
!STACK 1
Java Model Exception: Java Model Status [gen [in TextBaseTesting] does not exist]
	at org.eclipse.jdt.internal.core.JavaElement.newJavaModelException(JavaElement.java:502)
	at org.eclipse.jdt.internal.core.Openable.generateInfos(Openable.java:246)
	at org.eclipse.jdt.internal.core.JavaElement.openWhenClosed(JavaElement.java:515)
	at org.eclipse.jdt.internal.core.JavaElement.getElementInfo(JavaElement.java:252)
	at org.eclipse.jdt.internal.core.JavaElement.getElementInfo(JavaElement.java:238)
	at org.eclipse.jdt.internal.core.PackageFragmentRoot.getKind(PackageFragmentRoot.java:477)
	at org.eclipse.jdt.internal.ui.packageview.PackageExplorerContentProvider.processDelta(PackageExplorerContentProvider.java:645)
	at org.eclipse.jdt.internal.ui.packageview.PackageExplorerContentProvider.handleAffectedChildren(PackageExplorerContentProvider.java:791)
	at org.eclipse.jdt.internal.ui.packageview.PackageExplorerContentProvider.processDelta(PackageExplorerContentProvider.java:734)
	at org.eclipse.jdt.internal.ui.packageview.PackageExplorerContentProvider.handleAffectedChildren(PackageExplorerContentProvider.java:791)
	at org.eclipse.jdt.internal.ui.packageview.PackageExplorerContentProvider.processDelta(PackageExplorerContentProvider.java:734)
	at org.eclipse.jdt.internal.ui.packageview.PackageExplorerContentProvider.elementChanged(PackageExplorerContentProvider.java:124)
	at org.eclipse.jdt.internal.core.DeltaProcessor$3.run(DeltaProcessor.java:1557)
	at org.eclipse.core.runtime.SafeRunner.run(SafeRunner.java:42)
	at org.eclipse.jdt.internal.core.DeltaProcessor.notifyListeners(DeltaProcessor.java:1547)
	at org.eclipse.jdt.internal.core.DeltaProcessor.firePostChangeDelta(DeltaProcessor.java:1381)
	at org.eclipse.jdt.internal.core.DeltaProcessor.fire(DeltaProcessor.java:1357)
	at org.eclipse.jdt.internal.core.DeltaProcessor.resourceChanged(DeltaProcessor.java:1958)
	at org.eclipse.jdt.internal.core.DeltaProcessingState.resourceChanged(DeltaProcessingState.java:470)
	at org.eclipse.core.internal.events.NotificationManager$2.run(NotificationManager.java:291)
	at org.eclipse.core.runtime.SafeRunner.run(SafeRunner.java:42)
	at org.eclipse.core.internal.events.NotificationManager.notify(NotificationManager.java:285)
	at org.eclipse.core.internal.events.NotificationManager.broadcastChanges(NotificationManager.java:149)
	at org.eclipse.core.internal.resources.Workspace.broadcastPostChange(Workspace.java:313)
	at org.eclipse.core.internal.resources.Workspace.endOperation(Workspace.java:1022)
	at org.eclipse.core.internal.events.AutoBuildJob.doBuild(AutoBuildJob.java:153)
	at org.eclipse.core.internal.events.AutoBuildJob.run(AutoBuildJob.java:238)
	at org.eclipse.core.internal.jobs.Worker.run(Worker.java:55)
!SUBENTRY 1 org.eclipse.jdt.core 4 969 2010-10-04 21:21:03.809
!MESSAGE gen [in TextBaseTesting] does not exist
!SESSION 2010-10-04 21:50:03.995 -----------------------------------------------
eclipse.buildId=M20100211-1343
java.version=1.6.0_21
java.vendor=Sun Microsystems Inc.
BootLoader constants: OS=win32, ARCH=x86, WS=win32, NL=en_CA
Command-line arguments:  -os win32 -ws win32 -arch x86

!ENTRY org.eclipse.core.resources 8 2 2010-10-04 21:50:11.918
!MESSAGE Problems occurred when invoking code from plug-in: "org.eclipse.core.resources".
!STACK 1
org.eclipse.core.runtime.CoreException: Project target not loaded yet.
	at com.android.ide.eclipse.adt.internal.build.BaseBuilder.stopBuild(Unknown Source)
	at com.android.ide.eclipse.adt.internal.build.BaseBuilder.abortOnBadSetup(Unknown Source)
	at com.android.ide.eclipse.adt.internal.build.ResourceManagerBuilder.build(Unknown Source)
	at org.eclipse.core.internal.events.BuildManager$2.run(BuildManager.java:627)
	at org.eclipse.core.runtime.SafeRunner.run(SafeRunner.java:42)
	at org.eclipse.core.internal.events.BuildManager.basicBuild(BuildManager.java:170)
	at org.eclipse.core.internal.events.BuildManager.basicBuild(BuildManager.java:201)
	at org.eclipse.core.internal.events.BuildManager$1.run(BuildManager.java:253)
	at org.eclipse.core.runtime.SafeRunner.run(SafeRunner.java:42)
	at org.eclipse.core.internal.events.BuildManager.basicBuild(BuildManager.java:256)
	at org.eclipse.core.internal.events.BuildManager.basicBuildLoop(BuildManager.java:309)
	at org.eclipse.core.internal.events.BuildManager.build(BuildManager.java:341)
	at org.eclipse.core.internal.events.AutoBuildJob.doBuild(AutoBuildJob.java:140)
	at org.eclipse.core.internal.events.AutoBuildJob.run(AutoBuildJob.java:238)
	at org.eclipse.core.internal.jobs.Worker.run(Worker.java:55)
!SUBENTRY 1 com.android.ide.eclipse.adt 8 0 2010-10-04 21:50:11.919
!MESSAGE Project target not loaded yet.
!SUBENTRY 1 com.android.ide.eclipse.adt 8 0 2010-10-04 21:50:11.919
!MESSAGE Project target not loaded yet.

!ENTRY org.eclipse.core.resources 8 2 2010-10-04 21:50:11.939
!MESSAGE Problems occurred when invoking code from plug-in: "org.eclipse.core.resources".
!STACK 1
org.eclipse.core.runtime.CoreException: Project target not loaded yet.
	at com.android.ide.eclipse.adt.internal.build.BaseBuilder.stopBuild(Unknown Source)
	at com.android.ide.eclipse.adt.internal.build.BaseBuilder.abortOnBadSetup(Unknown Source)
	at com.android.ide.eclipse.adt.internal.build.PreCompilerBuilder.build(Unknown Source)
	at org.eclipse.core.internal.events.BuildManager$2.run(BuildManager.java:627)
	at org.eclipse.core.runtime.SafeRunner.run(SafeRunner.java:42)
	at org.eclipse.core.internal.events.BuildManager.basicBuild(BuildManager.java:170)
	at org.eclipse.core.internal.events.BuildManager.basicBuild(BuildManager.java:201)
	at org.eclipse.core.internal.events.BuildManager$1.run(BuildManager.java:253)
	at org.eclipse.core.runtime.SafeRunner.run(SafeRunner.java:42)
	at org.eclipse.core.internal.events.BuildManager.basicBuild(BuildManager.java:256)
	at org.eclipse.core.internal.events.BuildManager.basicBuildLoop(BuildManager.java:309)
	at org.eclipse.core.internal.events.BuildManager.build(BuildManager.java:341)
	at org.eclipse.core.internal.events.AutoBuildJob.doBuild(AutoBuildJob.java:140)
	at org.eclipse.core.internal.events.AutoBuildJob.run(AutoBuildJob.java:238)
	at org.eclipse.core.internal.jobs.Worker.run(Worker.java:55)
!SUBENTRY 1 com.android.ide.eclipse.adt 8 0 2010-10-04 21:50:11.939
!MESSAGE Project target not loaded yet.
!SUBENTRY 1 com.android.ide.eclipse.adt 8 0 2010-10-04 21:50:11.939
!MESSAGE Project target not loaded yet.
!SESSION 2010-10-05 14:29:08.716 -----------------------------------------------
eclipse.buildId=M20100211-1343
java.version=1.6.0_21
java.vendor=Sun Microsystems Inc.
BootLoader constants: OS=win32, ARCH=x86, WS=win32, NL=en_CA
Command-line arguments:  -os win32 -ws win32 -arch x86

!ENTRY org.eclipse.core.resources 8 2 2010-10-05 14:29:20.082
!MESSAGE Problems occurred when invoking code from plug-in: "org.eclipse.core.resources".
!STACK 1
org.eclipse.core.runtime.CoreException: Project target not loaded yet.
	at com.android.ide.eclipse.adt.internal.build.BaseBuilder.stopBuild(Unknown Source)
	at com.android.ide.eclipse.adt.internal.build.BaseBuilder.abortOnBadSetup(Unknown Source)
	at com.android.ide.eclipse.adt.internal.build.ResourceManagerBuilder.build(Unknown Source)
	at org.eclipse.core.internal.events.BuildManager$2.run(BuildManager.java:627)
	at org.eclipse.core.runtime.SafeRunner.run(SafeRunner.java:42)
	at org.eclipse.core.internal.events.BuildManager.basicBuild(BuildManager.java:170)
	at org.eclipse.core.internal.events.BuildManager.basicBuild(BuildManager.java:201)
	at org.eclipse.core.internal.events.BuildManager$1.run(BuildManager.java:253)
	at org.eclipse.core.runtime.SafeRunner.run(SafeRunner.java:42)
	at org.eclipse.core.internal.events.BuildManager.basicBuild(BuildManager.java:256)
	at org.eclipse.core.internal.events.BuildManager.basicBuildLoop(BuildManager.java:309)
	at org.eclipse.core.internal.events.BuildManager.build(BuildManager.java:341)
	at org.eclipse.core.internal.events.AutoBuildJob.doBuild(AutoBuildJob.java:140)
	at org.eclipse.core.internal.events.AutoBuildJob.run(AutoBuildJob.java:238)
	at org.eclipse.core.internal.jobs.Worker.run(Worker.java:55)
!SUBENTRY 1 com.android.ide.eclipse.adt 8 0 2010-10-05 14:29:20.083
!MESSAGE Project target not loaded yet.
!SUBENTRY 1 com.android.ide.eclipse.adt 8 0 2010-10-05 14:29:20.083
!MESSAGE Project target not loaded yet.

!ENTRY org.eclipse.core.resources 8 2 2010-10-05 14:29:20.097
!MESSAGE Problems occurred when invoking code from plug-in: "org.eclipse.core.resources".
!STACK 1
org.eclipse.core.runtime.CoreException: Project target not loaded yet.
	at com.android.ide.eclipse.adt.internal.build.BaseBuilder.stopBuild(Unknown Source)
	at com.android.ide.eclipse.adt.internal.build.BaseBuilder.abortOnBadSetup(Unknown Source)
	at com.android.ide.eclipse.adt.internal.build.PreCompilerBuilder.build(Unknown Source)
	at org.eclipse.core.internal.events.BuildManager$2.run(BuildManager.java:627)
	at org.eclipse.core.runtime.SafeRunner.run(SafeRunner.java:42)
	at org.eclipse.core.internal.events.BuildManager.basicBuild(BuildManager.java:170)
	at org.eclipse.core.internal.events.BuildManager.basicBuild(BuildManager.java:201)
	at org.eclipse.core.internal.events.BuildManager$1.run(BuildManager.java:253)
	at org.eclipse.core.runtime.SafeRunner.run(SafeRunner.java:42)
	at org.eclipse.core.internal.events.BuildManager.basicBuild(BuildManager.java:256)
	at org.eclipse.core.internal.events.BuildManager.basicBuildLoop(BuildManager.java:309)
	at org.eclipse.core.internal.events.BuildManager.build(BuildManager.java:341)
	at org.eclipse.core.internal.events.AutoBuildJob.doBuild(AutoBuildJob.java:140)
	at org.eclipse.core.internal.events.AutoBuildJob.run(AutoBuildJob.java:238)
	at org.eclipse.core.internal.jobs.Worker.run(Worker.java:55)
!SUBENTRY 1 com.android.ide.eclipse.adt 8 0 2010-10-05 14:29:20.098
!MESSAGE Project target not loaded yet.
!SUBENTRY 1 com.android.ide.eclipse.adt 8 0 2010-10-05 14:29:20.098
!MESSAGE Project target not loaded yet.

!ENTRY org.eclipse.equinox.p2.ui 4 0 2010-10-05 14:35:15.193
!MESSAGE Unable to load the repository https://dl-ssl.google.com/android/eclipse/
!STACK 1
org.eclipse.equinox.internal.provisional.p2.core.ProvisionException: Unknown Host: https://dl-ssl.google.com/android/eclipse/content.xml
	at org.eclipse.equinox.internal.p2.metadata.repository.CacheManager.createCache(CacheManager.java:179)
	at org.eclipse.equinox.internal.provisional.spi.p2.metadata.repository.SimpleMetadataRepositoryFactory.getLocalFile(SimpleMetadataRepositoryFactory.java:60)
	at org.eclipse.equinox.internal.provisional.spi.p2.metadata.repository.SimpleMetadataRepositoryFactory.validateAndLoad(SimpleMetadataRepositoryFactory.java:99)
	at org.eclipse.equinox.internal.provisional.spi.p2.metadata.repository.SimpleMetadataRepositoryFactory.load(SimpleMetadataRepositoryFactory.java:87)
	at org.eclipse.equinox.internal.p2.metadata.repository.MetadataRepositoryManager.factoryLoad(MetadataRepositoryManager.java:54)
	at org.eclipse.equinox.internal.p2.repository.helpers.AbstractRepositoryManager.loadRepository(AbstractRepositoryManager.java:669)
	at org.eclipse.equinox.internal.p2.repository.helpers.AbstractRepositoryManager.loadRepository(AbstractRepositoryManager.java:617)
	at org.eclipse.equinox.internal.p2.metadata.repository.MetadataRepositoryManager.loadRepository(MetadataRepositoryManager.java:92)
	at org.eclipse.equinox.internal.p2.metadata.repository.MetadataRepositoryManager.loadRepository(MetadataRepositoryManager.java:88)
	at org.eclipse.equinox.internal.provisional.p2.ui.operations.ProvisioningUtil.loadMetadataRepository(ProvisioningUtil.java:88)
	at org.eclipse.equinox.internal.provisional.p2.ui.QueryableMetadataRepositoryManager.doLoadRepository(QueryableMetadataRepositoryManager.java:55)
	at org.eclipse.equinox.internal.provisional.p2.ui.QueryableRepositoryManager.loadRepository(QueryableRepositoryManager.java:195)
	at org.eclipse.equinox.internal.provisional.p2.ui.QueryableRepositoryManager.loadAll(QueryableRepositoryManager.java:108)
	at org.eclipse.equinox.internal.p2.ui.sdk.PreloadingRepositoryHandler$2.run(PreloadingRepositoryHandler.java:71)
	at org.eclipse.core.internal.jobs.Worker.run(Worker.java:55)
Caused by: java.net.UnknownHostException: dl-ssl.google.com
	at java.net.PlainSocketImpl.connect(Unknown Source)
	at java.net.SocksSocketImpl.connect(Unknown Source)
	at java.net.Socket.connect(Unknown Source)
	at com.sun.net.ssl.internal.ssl.SSLSocketImpl.connect(Unknown Source)
	at org.eclipse.ecf.provider.filetransfer.events.socket.SocketEventCreateUtil.createSocket(SocketEventCreateUtil.java:43)
	at org.eclipse.ecf.internal.provider.filetransfer.httpclient.ECFHttpClientProtocolSocketFactory.createSocket(ECFHttpClientProtocolSocketFactory.java:81)
	at org.eclipse.ecf.internal.provider.filetransfer.httpclient.ECFHttpClientProtocolSocketFactory.createSocket(ECFHttpClientProtocolSocketFactory.java:73)
	at org.eclipse.ecf.internal.provider.filetransfer.httpclient.ECFHttpClientProtocolSocketFactory.createSocket(ECFHttpClientProtocolSocketFactory.java:65)
	at org.apache.commons.httpclient.HttpConnection.open(HttpConnection.java:707)
	at org.apache.commons.httpclient.MultiThreadedHttpConnectionManager$HttpConnectionAdapter.open(MultiThreadedHttpConnectionManager.java:1361)
	at org.apache.commons.httpclient.HttpMethodDirector.executeWithRetry(HttpMethodDirector.java:387)
	at org.apache.commons.httpclient.HttpMethodDirector.executeMethod(HttpMethodDirector.java:171)
	at org.apache.commons.httpclient.HttpClient.executeMethod(HttpClient.java:397)
	at org.apache.commons.httpclient.HttpClient.executeMethod(HttpClient.java:346)
	at org.eclipse.ecf.provider.filetransfer.httpclient.HttpClientFileSystemBrowser.runRequest(HttpClientFileSystemBrowser.java:204)
	at org.eclipse.ecf.provider.filetransfer.browse.AbstractFileSystemBrowser$DirectoryJob.run(AbstractFileSystemBrowser.java:71)
	... 1 more
!SUBENTRY 1 org.eclipse.equinox.p2.repository 4 1006 2010-10-05 14:35:15.194
!MESSAGE Unknown Host: https://dl-ssl.google.com/android/eclipse/content.xml
!STACK 0
java.net.UnknownHostException: dl-ssl.google.com
	at java.net.PlainSocketImpl.connect(Unknown Source)
	at java.net.SocksSocketImpl.connect(Unknown Source)
	at java.net.Socket.connect(Unknown Source)
	at com.sun.net.ssl.internal.ssl.SSLSocketImpl.connect(Unknown Source)
	at org.eclipse.ecf.provider.filetransfer.events.socket.SocketEventCreateUtil.createSocket(SocketEventCreateUtil.java:43)
	at org.eclipse.ecf.internal.provider.filetransfer.httpclient.ECFHttpClientProtocolSocketFactory.createSocket(ECFHttpClientProtocolSocketFactory.java:81)
	at org.eclipse.ecf.internal.provider.filetransfer.httpclient.ECFHttpClientProtocolSocketFactory.createSocket(ECFHttpClientProtocolSocketFactory.java:73)
	at org.eclipse.ecf.internal.provider.filetransfer.httpclient.ECFHttpClientProtocolSocketFactory.createSocket(ECFHttpClientProtocolSocketFactory.java:65)
	at org.apache.commons.httpclient.HttpConnection.open(HttpConnection.java:707)
	at org.apache.commons.httpclient.MultiThreadedHttpConnectionManager$HttpConnectionAdapter.open(MultiThreadedHttpConnectionManager.java:1361)
	at org.apache.commons.httpclient.HttpMethodDirector.executeWithRetry(HttpMethodDirector.java:387)
	at org.apache.commons.httpclient.HttpMethodDirector.executeMethod(HttpMethodDirector.java:171)
	at org.apache.commons.httpclient.HttpClient.executeMethod(HttpClient.java:397)
	at org.apache.commons.httpclient.HttpClient.executeMethod(HttpClient.java:346)
	at org.eclipse.ecf.provider.filetransfer.httpclient.HttpClientFileSystemBrowser.runRequest(HttpClientFileSystemBrowser.java:204)
	at org.eclipse.ecf.provider.filetransfer.browse.AbstractFileSystemBrowser$DirectoryJob.run(AbstractFileSystemBrowser.java:71)
	at org.eclipse.core.internal.jobs.Worker.run(Worker.java:55)

!ENTRY org.eclipse.equinox.p2.ui 4 0 2010-10-05 14:35:38.499
!MESSAGE Unable to load the repository http://dl.google.com/eclipse/plugin/3.5
!STACK 1
org.eclipse.equinox.internal.provisional.p2.core.ProvisionException: Unknown Host: http://dl.google.com/eclipse/plugin/3.5/content.xml
	at org.eclipse.equinox.internal.p2.metadata.repository.CacheManager.createCache(CacheManager.java:179)
	at org.eclipse.equinox.internal.provisional.spi.p2.metadata.repository.SimpleMetadataRepositoryFactory.getLocalFile(SimpleMetadataRepositoryFactory.java:60)
	at org.eclipse.equinox.internal.provisional.spi.p2.metadata.repository.SimpleMetadataRepositoryFactory.validateAndLoad(SimpleMetadataRepositoryFactory.java:99)
	at org.eclipse.equinox.internal.provisional.spi.p2.metadata.repository.SimpleMetadataRepositoryFactory.load(SimpleMetadataRepositoryFactory.java:87)
	at org.eclipse.equinox.internal.p2.metadata.repository.MetadataRepositoryManager.factoryLoad(MetadataRepositoryManager.java:54)
	at org.eclipse.equinox.internal.p2.repository.helpers.AbstractRepositoryManager.loadRepository(AbstractRepositoryManager.java:669)
	at org.eclipse.equinox.internal.p2.repository.helpers.AbstractRepositoryManager.loadRepository(AbstractRepositoryManager.java:617)
	at org.eclipse.equinox.internal.p2.metadata.repository.MetadataRepositoryManager.loadRepository(MetadataRepositoryManager.java:92)
	at org.eclipse.equinox.internal.p2.metadata.repository.MetadataRepositoryManager.loadRepository(MetadataRepositoryManager.java:88)
	at org.eclipse.equinox.internal.provisional.p2.ui.operations.ProvisioningUtil.loadMetadataRepository(ProvisioningUtil.java:88)
	at org.eclipse.equinox.internal.provisional.p2.ui.QueryableMetadataRepositoryManager.doLoadRepository(QueryableMetadataRepositoryManager.java:55)
	at org.eclipse.equinox.internal.provisional.p2.ui.QueryableRepositoryManager.loadRepository(QueryableRepositoryManager.java:195)
	at org.eclipse.equinox.internal.provisional.p2.ui.QueryableRepositoryManager.loadAll(QueryableRepositoryManager.java:108)
	at org.eclipse.equinox.internal.p2.ui.sdk.PreloadingRepositoryHandler$2.run(PreloadingRepositoryHandler.java:71)
	at org.eclipse.core.internal.jobs.Worker.run(Worker.java:55)
Caused by: java.net.UnknownHostException: dl.google.com
	at java.net.PlainSocketImpl.connect(Unknown Source)
	at java.net.SocksSocketImpl.connect(Unknown Source)
	at java.net.Socket.connect(Unknown Source)
	at org.eclipse.ecf.provider.filetransfer.events.socket.SocketEventCreateUtil.createSocket(SocketEventCreateUtil.java:43)
	at org.eclipse.ecf.internal.provider.filetransfer.httpclient.ECFHttpClientProtocolSocketFactory.createSocket(ECFHttpClientProtocolSocketFactory.java:81)
	at org.eclipse.ecf.internal.provider.filetransfer.httpclient.ECFHttpClientProtocolSocketFactory.createSocket(ECFHttpClientProtocolSocketFactory.java:73)
	at org.eclipse.ecf.internal.provider.filetransfer.httpclient.ECFHttpClientProtocolSocketFactory.createSocket(ECFHttpClientProtocolSocketFactory.java:65)
	at org.apache.commons.httpclient.HttpConnection.open(HttpConnection.java:707)
	at org.apache.commons.httpclient.MultiThreadedHttpConnectionManager$HttpConnectionAdapter.open(MultiThreadedHttpConnectionManager.java:1361)
	at org.apache.commons.httpclient.HttpMethodDirector.executeWithRetry(HttpMethodDirector.java:387)
	at org.apache.commons.httpclient.HttpMethodDirector.executeMethod(HttpMethodDirector.java:171)
	at org.apache.commons.httpclient.HttpClient.executeMethod(HttpClient.java:397)
	at org.apache.commons.httpclient.HttpClient.executeMethod(HttpClient.java:346)
	at org.eclipse.ecf.provider.filetransfer.httpclient.HttpClientFileSystemBrowser.runRequest(HttpClientFileSystemBrowser.java:204)
	at org.eclipse.ecf.provider.filetransfer.browse.AbstractFileSystemBrowser$DirectoryJob.run(AbstractFileSystemBrowser.java:71)
	... 1 more
!SUBENTRY 1 org.eclipse.equinox.p2.repository 4 1006 2010-10-05 14:35:38.499
!MESSAGE Unknown Host: http://dl.google.com/eclipse/plugin/3.5/content.xml
!STACK 0
java.net.UnknownHostException: dl.google.com
	at java.net.PlainSocketImpl.connect(Unknown Source)
	at java.net.SocksSocketImpl.connect(Unknown Source)
	at java.net.Socket.connect(Unknown Source)
	at org.eclipse.ecf.provider.filetransfer.events.socket.SocketEventCreateUtil.createSocket(SocketEventCreateUtil.java:43)
	at org.eclipse.ecf.internal.provider.filetransfer.httpclient.ECFHttpClientProtocolSocketFactory.createSocket(ECFHttpClientProtocolSocketFactory.java:81)
	at org.eclipse.ecf.internal.provider.filetransfer.httpclient.ECFHttpClientProtocolSocketFactory.createSocket(ECFHttpClientProtocolSocketFactory.java:73)
	at org.eclipse.ecf.internal.provider.filetransfer.httpclient.ECFHttpClientProtocolSocketFactory.createSocket(ECFHttpClientProtocolSocketFactory.java:65)
	at org.apache.commons.httpclient.HttpConnection.open(HttpConnection.java:707)
	at org.apache.commons.httpclient.MultiThreadedHttpConnectionManager$HttpConnectionAdapter.open(MultiThreadedHttpConnectionManager.java:1361)
	at org.apache.commons.httpclient.HttpMethodDirector.executeWithRetry(HttpMethodDirector.java:387)
	at org.apache.commons.httpclient.HttpMethodDirector.executeMethod(HttpMethodDirector.java:171)
	at org.apache.commons.httpclient.HttpClient.executeMethod(HttpClient.java:397)
	at org.apache.commons.httpclient.HttpClient.executeMethod(HttpClient.java:346)
	at org.eclipse.ecf.provider.filetransfer.httpclient.HttpClientFileSystemBrowser.runRequest(HttpClientFileSystemBrowser.java:204)
	at org.eclipse.ecf.provider.filetransfer.browse.AbstractFileSystemBrowser$DirectoryJob.run(AbstractFileSystemBrowser.java:71)
	at org.eclipse.core.internal.jobs.Worker.run(Worker.java:55)

!ENTRY org.eclipse.equinox.p2.core 4 0 2010-10-05 14:36:01.010
!MESSAGE Provisioning exception
!STACK 1
org.eclipse.equinox.internal.provisional.p2.core.ProvisionException: Communication with repository at http://download.eclipse.org/eclipse/updates/3.5/R-3.5.1-200909170800 failed.
	at org.eclipse.equinox.internal.p2.metadata.repository.CacheManager.createCache(CacheManager.java:136)
	at org.eclipse.equinox.internal.provisional.spi.p2.metadata.repository.SimpleMetadataRepositoryFactory.getLocalFile(SimpleMetadataRepositoryFactory.java:60)
	at org.eclipse.equinox.internal.provisional.spi.p2.metadata.repository.SimpleMetadataRepositoryFactory.validateAndLoad(SimpleMetadataRepositoryFactory.java:99)
	at org.eclipse.equinox.internal.provisional.spi.p2.metadata.repository.SimpleMetadataRepositoryFactory.load(SimpleMetadataRepositoryFactory.java:87)
	at org.eclipse.equinox.internal.p2.metadata.repository.MetadataRepositoryManager.factoryLoad(MetadataRepositoryManager.java:54)
	at org.eclipse.equinox.internal.p2.repository.helpers.AbstractRepositoryManager.loadRepository(AbstractRepositoryManager.java:669)
	at org.eclipse.equinox.internal.p2.repository.helpers.AbstractRepositoryManager.loadRepository(AbstractRepositoryManager.java:617)
	at org.eclipse.equinox.internal.p2.metadata.repository.MetadataRepositoryManager.loadRepository(MetadataRepositoryManager.java:92)
	at org.eclipse.equinox.internal.p2.metadata.repository.MetadataRepositoryManager.loadRepository(MetadataRepositoryManager.java:88)
	at org.eclipse.equinox.internal.p2.metadata.repository.CompositeMetadataRepository.addChild(CompositeMetadataRepository.java:146)
	at org.eclipse.equinox.internal.p2.metadata.repository.CompositeMetadataRepository.<init>(CompositeMetadataRepository.java:101)
	at org.eclipse.equinox.internal.p2.metadata.repository.CompositeMetadataRepositoryFactory.validateAndLoad(CompositeMetadataRepositoryFactory.java:127)
	at org.eclipse.equinox.internal.p2.metadata.repository.CompositeMetadataRepositoryFactory.load(CompositeMetadataRepositoryFactory.java:87)
	at org.eclipse.equinox.internal.p2.metadata.repository.MetadataRepositoryManager.factoryLoad(MetadataRepositoryManager.java:54)
	at org.eclipse.equinox.internal.p2.repository.helpers.AbstractRepositoryManager.loadRepository(AbstractRepositoryManager.java:669)
	at org.eclipse.equinox.internal.p2.repository.helpers.AbstractRepositoryManager.loadRepository(AbstractRepositoryManager.java:617)
	at org.eclipse.equinox.internal.p2.metadata.repository.MetadataRepositoryManager.loadRepository(MetadataRepositoryManager.java:92)
	at org.eclipse.equinox.internal.p2.metadata.repository.MetadataRepositoryManager.loadRepository(MetadataRepositoryManager.java:88)
	at org.eclipse.equinox.internal.provisional.p2.ui.operations.ProvisioningUtil.loadMetadataRepository(ProvisioningUtil.java:88)
	at org.eclipse.equinox.internal.provisional.p2.ui.QueryableMetadataRepositoryManager.doLoadRepository(QueryableMetadataRepositoryManager.java:55)
	at org.eclipse.equinox.internal.provisional.p2.ui.QueryableRepositoryManager.loadRepository(QueryableRepositoryManager.java:195)
	at org.eclipse.equinox.internal.provisional.p2.ui.QueryableRepositoryManager.loadAll(QueryableRepositoryManager.java:108)
	at org.eclipse.equinox.internal.p2.ui.sdk.PreloadingRepositoryHandler$2.run(PreloadingRepositoryHandler.java:71)
	at org.eclipse.core.internal.jobs.Worker.run(Worker.java:55)
Caused by: java.net.SocketTimeoutException: Read timed out
	at java.net.SocketInputStream.socketRead0(Native Method)
	at java.net.SocketInputStream.read(Unknown Source)
	at java.io.BufferedInputStream.fill(Unknown Source)
	at java.io.BufferedInputStream.read(Unknown Source)
	at org.apache.commons.httpclient.HttpParser.readRawLine(HttpParser.java:78)
	at org.apache.commons.httpclient.HttpParser.readLine(HttpParser.java:106)
	at org.apache.commons.httpclient.HttpConnection.readLine(HttpConnection.java:1116)
	at org.apache.commons.httpclient.MultiThreadedHttpConnectionManager$HttpConnectionAdapter.readLine(MultiThreadedHttpConnectionManager.java:1413)
	at org.apache.commons.httpclient.HttpMethodBase.readStatusLine(HttpMethodBase.java:1973)
	at org.apache.commons.httpclient.HttpMethodBase.readResponse(HttpMethodBase.java:1735)
	at org.apache.commons.httpclient.HttpMethodBase.execute(HttpMethodBase.java:1098)
	at org.apache.commons.httpclient.HttpMethodDirector.executeWithRetry(HttpMethodDirector.java:398)
	at org.apache.commons.httpclient.HttpMethodDirector.executeMethod(HttpMethodDirector.java:171)
	at org.apache.commons.httpclient.HttpClient.executeMethod(HttpClient.java:397)
	at org.apache.commons.httpclient.HttpClient.executeMethod(HttpClient.java:346)
	at org.eclipse.ecf.provider.filetransfer.httpclient.HttpClientFileSystemBrowser.runRequest(HttpClientFileSystemBrowser.java:204)
	at org.eclipse.ecf.provider.filetransfer.browse.AbstractFileSystemBrowser$DirectoryJob.run(AbstractFileSystemBrowser.java:71)
	... 1 more
!SUBENTRY 1 org.eclipse.equinox.p2.repository 4 1002 2010-10-05 14:36:01.010
!MESSAGE Communication with repository at http://download.eclipse.org/eclipse/updates/3.5/R-3.5.1-200909170800 failed.
!STACK 0
java.net.SocketTimeoutException: Read timed out
	at java.net.SocketInputStream.socketRead0(Native Method)
	at java.net.SocketInputStream.read(Unknown Source)
	at java.io.BufferedInputStream.fill(Unknown Source)
	at java.io.BufferedInputStream.read(Unknown Source)
	at org.apache.commons.httpclient.HttpParser.readRawLine(HttpParser.java:78)
	at org.apache.commons.httpclient.HttpParser.readLine(HttpParser.java:106)
	at org.apache.commons.httpclient.HttpConnection.readLine(HttpConnection.java:1116)
	at org.apache.commons.httpclient.MultiThreadedHttpConnectionManager$HttpConnectionAdapter.readLine(MultiThreadedHttpConnectionManager.java:1413)
	at org.apache.commons.httpclient.HttpMethodBase.readStatusLine(HttpMethodBase.java:1973)
	at org.apache.commons.httpclient.HttpMethodBase.readResponse(HttpMethodBase.java:1735)
	at org.apache.commons.httpclient.HttpMethodBase.execute(HttpMethodBase.java:1098)
	at org.apache.commons.httpclient.HttpMethodDirector.executeWithRetry(HttpMethodDirector.java:398)
	at org.apache.commons.httpclient.HttpMethodDirector.executeMethod(HttpMethodDirector.java:171)
	at org.apache.commons.httpclient.HttpClient.executeMethod(HttpClient.java:397)
	at org.apache.commons.httpclient.HttpClient.executeMethod(HttpClient.java:346)
	at org.eclipse.ecf.provider.filetransfer.httpclient.HttpClientFileSystemBrowser.runRequest(HttpClientFileSystemBrowser.java:204)
	at org.eclipse.ecf.provider.filetransfer.browse.AbstractFileSystemBrowser$DirectoryJob.run(AbstractFileSystemBrowser.java:71)
	at org.eclipse.core.internal.jobs.Worker.run(Worker.java:55)
